{
  "RSpec": {
    "coverage": {
      "/Users/chakshuahuja/Documents/retriable/lib/retriable.rb": [
        1,
        1,
        1,
        1,
        null,
        1,
        1,
        null,
        1,
        31,
        null,
        null,
        1,
        62,
        null,
        null,
        1,
        4,
        1,
        null,
        null,
        3,
        null,
        null,
        1,
        23,
        null,
        22,
        22,
        22,
        22,
        22,
        22,
        22,
        22,
        22,
        22,
        22,
        null,
        22,
        22,
        113,
        null,
        22,
        1,
        null,
        21,
        null,
        null,
        null,
        null,
        null,
        null,
        null,
        null,
        22,
        82,
        null,
        82,
        null,
        82,
        78,
        4,
        4,
        4,
        null,
        0,
        null,
        null,
        86,
        78,
        null,
        77,
        11,
        26,
        null,
        null,
        null,
        75,
        75,
        75,
        60,
        null,
        null,
        null,
        null
      ],
      "/Users/chakshuahuja/Documents/retriable/lib/retriable/config.rb": [
        1,
        null,
        1,
        1,
        1,
        null,
        null,
        null,
        null,
        null,
        null,
        null,
        null,
        null,
        1,
        null,
        1,
        31,
        null,
        31,
        31,
        31,
        31,
        31,
        31,
        31,
        31,
        31,
        31,
        31,
        31,
        null,
        31,
        218,
        216,
        null,
        null,
        null,
        1,
        18,
        216,
        null,
        null,
        null,
        null
      ],
      "/Users/chakshuahuja/Documents/retriable/lib/retriable/exponential_backoff.rb": [
        1,
        1,
        1,
        null,
        null,
        null,
        null,
        null,
        null,
        null,
        1,
        null,
        1,
        63,
        63,
        63,
        63,
        63,
        null,
        63,
        114,
        114,
        null,
        null,
        null,
        1,
        28,
        98,
        null,
        null,
        28,
        null,
        96,
        null,
        null,
        1,
        null,
        1,
        73,
        73,
        73,
        73,
        null,
        null,
        null
      ],
      "/Users/chakshuahuja/Documents/retriable/spec/support/exceptions.rb": [
        1,
        1,
        1
      ],
      "/Users/chakshuahuja/Documents/retriable/spec/config_spec.rb": [
        1,
        12,
        null,
        1,
        1,
        1,
        null,
        null,
        1,
        1,
        null,
        null,
        1,
        1,
        null,
        null,
        1,
        1,
        null,
        null,
        1,
        1,
        null,
        null,
        1,
        1,
        null,
        null,
        1,
        1,
        null,
        null,
        1,
        1,
        null,
        null,
        1,
        1,
        null,
        null,
        1,
        1,
        null,
        null,
        1,
        1,
        null,
        null,
        null,
        1,
        2,
        null,
        null
      ],
      "/Users/chakshuahuja/Documents/retriable/spec/exponential_backoff_spec.rb": [
        1,
        1,
        5,
        null,
        1,
        1,
        null,
        null,
        1,
        1,
        null,
        null,
        1,
        1,
        null,
        null,
        1,
        1,
        null,
        null,
        null,
        1,
        1,
        null,
        null,
        null,
        null,
        null,
        null,
        null,
        null,
        null,
        null,
        null,
        null,
        1,
        1,
        null,
        null,
        1,
        1,
        null,
        null,
        null,
        null,
        null,
        null,
        1,
        1,
        null,
        null,
        null,
        null,
        null,
        null,
        1,
        1,
        null,
        null,
        1,
        1,
        null,
        null,
        null,
        null,
        null,
        null,
        1,
        10,
        1,
        null,
        null
      ],
      "/Users/chakshuahuja/Documents/retriable/spec/retriable_spec.rb": [
        1,
        null,
        1,
        1,
        31,
        null,
        null,
        1,
        50,
        25,
        25,
        null,
        null,
        1,
        75,
        null,
        null,
        1,
        59,
        59,
        59,
        null,
        null,
        1,
        1,
        2,
        null,
        null,
        1,
        1,
        null,
        5,
        1,
        null,
        null,
        null,
        1,
        1,
        2,
        2,
        null,
        null,
        1,
        2,
        1,
        null,
        null,
        1,
        5,
        1,
        null,
        null,
        1,
        1,
        2,
        null,
        null,
        1,
        null,
        null,
        1,
        1,
        4,
        null,
        null,
        1,
        null,
        null,
        1,
        12,
        1,
        null,
        null,
        1,
        3,
        null,
        null,
        1,
        1,
        11,
        null,
        null,
        1,
        null,
        null,
        null,
        null,
        null,
        null,
        null,
        null,
        null,
        null,
        null,
        null,
        1,
        null,
        null,
        1,
        3,
        4,
        3,
        null,
        1,
        1,
        6,
        6,
        null,
        null,
        1,
        1,
        null,
        null,
        1,
        1,
        7,
        null,
        null,
        1,
        null,
        null,
        1,
        1,
        1,
        null,
        1,
        1,
        6,
        null,
        null,
        null,
        1,
        1,
        null,
        null,
        null,
        1,
        1,
        1,
        3,
        null,
        3,
        2,
        null,
        null,
        1,
        null,
        null,
        null,
        1,
        4,
        null,
        1,
        1,
        4,
        null,
        null,
        1,
        null,
        null,
        1,
        1,
        1,
        3,
        null,
        null,
        null,
        1,
        null,
        null,
        1,
        1,
        1,
        1,
        1,
        null,
        null,
        null,
        1,
        null,
        null,
        1,
        1,
        4,
        1,
        null,
        1,
        1,
        4,
        null,
        4,
        null,
        1,
        null,
        1,
        null,
        1,
        null,
        1,
        null,
        null,
        null,
        null,
        1,
        1,
        1,
        1,
        1,
        null,
        null,
        null,
        1,
        2,
        null,
        1,
        1,
        2,
        null,
        null,
        null,
        1,
        null,
        null,
        1,
        2,
        null,
        null,
        null,
        1,
        1,
        3,
        null,
        null,
        null,
        1,
        5,
        null,
        1,
        4,
        4,
        4,
        null,
        null,
        null,
        1,
        2,
        1,
        null,
        null,
        1,
        6,
        1,
        null,
        null,
        1,
        1,
        6,
        null,
        null,
        1,
        null,
        null,
        1,
        2,
        null,
        null,
        null
      ],
      "/Users/chakshuahuja/Documents/retriable/lib/retriable/core_ext/kernel.rb": [
        1,
        null,
        1,
        1,
        1,
        null,
        null,
        1,
        0,
        null,
        null
      ]
    },
    "timestamp": 1532425690
  }
}
